;
; Definition file of _eeschema.dll
; Automatic generated by gendef
; written by Kai Tietz 2008
;
LIBRARY "_eeschema.dll"
EXPORTS
; public: __cdecl FOOTPRINT_INFO::FOOTPRINT_INFO(class FOOTPRINT_INFO const &__ptr64 )__ptr64 
??0FOOTPRINT_INFO@@QEAA@AEBV0@@Z
; public: __cdecl FOOTPRINT_INFO::FOOTPRINT_INFO(void)__ptr64 
??0FOOTPRINT_INFO@@QEAA@XZ
; public: __cdecl FOOTPRINT_LIST::FOOTPRINT_LIST(void)__ptr64 
??0FOOTPRINT_LIST@@QEAA@XZ
; public: __cdecl FOOTPRINT_PREVIEW_PANEL_BASE::FOOTPRINT_PREVIEW_PANEL_BASE(class FOOTPRINT_PREVIEW_PANEL_BASE const &__ptr64 )__ptr64 
??0FOOTPRINT_PREVIEW_PANEL_BASE@@QEAA@AEBV0@@Z
; public: __cdecl FOOTPRINT_PREVIEW_PANEL_BASE::FOOTPRINT_PREVIEW_PANEL_BASE(void)__ptr64 
??0FOOTPRINT_PREVIEW_PANEL_BASE@@QEAA@XZ
; public: __cdecl LIB_TREE_ITEM::LIB_TREE_ITEM(class LIB_TREE_ITEM const &__ptr64 )__ptr64 
??0LIB_TREE_ITEM@@QEAA@AEBV0@@Z
; public: __cdecl LIB_TREE_ITEM::LIB_TREE_ITEM(void)__ptr64 
??0LIB_TREE_ITEM@@QEAA@XZ
; public: __cdecl pybind11::attribute_error::attribute_error(,class pybind11::attribute_error *__ptr64 const)__ptr64 
??0attribute_error@pybind11@@QEAA@$$QEAV01@@Z
; public: __cdecl pybind11::attribute_error::attribute_error(class pybind11::attribute_error const &__ptr64 )__ptr64 
??0attribute_error@pybind11@@QEAA@AEBV01@@Z
; public: __cdecl pybind11::attribute_error::attribute_error(class std::<char,struct std::<char>,class std::<char>> const &__ptr64 )__ptr64 
??0attribute_error@pybind11@@QEAA@AEBV?$basic_string@DU?$char_traits@D@std@@V?$allocator@D@2@@std@@@Z
; public: __cdecl pybind11::attribute_error::attribute_error(char const *__ptr64)__ptr64 
??0attribute_error@pybind11@@QEAA@PEBD@Z
; public: __cdecl pybind11::attribute_error::attribute_error(void)__ptr64 
??0attribute_error@pybind11@@QEAA@XZ
; public: __cdecl pybind11::buffer_error::buffer_error(,class pybind11::buffer_error *__ptr64 const)__ptr64 
??0buffer_error@pybind11@@QEAA@$$QEAV01@@Z
; public: __cdecl pybind11::buffer_error::buffer_error(class pybind11::buffer_error const &__ptr64 )__ptr64 
??0buffer_error@pybind11@@QEAA@AEBV01@@Z
; public: __cdecl pybind11::buffer_error::buffer_error(class std::<char,struct std::<char>,class std::<char>> const &__ptr64 )__ptr64 
??0buffer_error@pybind11@@QEAA@AEBV?$basic_string@DU?$char_traits@D@std@@V?$allocator@D@2@@std@@@Z
; public: __cdecl pybind11::buffer_error::buffer_error(char const *__ptr64)__ptr64 
??0buffer_error@pybind11@@QEAA@PEBD@Z
; public: __cdecl pybind11::buffer_error::buffer_error(void)__ptr64 
??0buffer_error@pybind11@@QEAA@XZ
; public: __cdecl pybind11::builtin_exception::builtin_exception(,class pybind11::builtin_exception *__ptr64 const)__ptr64 
??0builtin_exception@pybind11@@QEAA@$$QEAV01@@Z
; public: __cdecl pybind11::builtin_exception::builtin_exception(class pybind11::builtin_exception const &__ptr64 )__ptr64 
??0builtin_exception@pybind11@@QEAA@AEBV01@@Z
; public: __cdecl pybind11::builtin_exception::builtin_exception(class std::<char,struct std::<char>,class std::<char>> const &__ptr64 )__ptr64 
??0builtin_exception@pybind11@@QEAA@AEBV?$basic_string@DU?$char_traits@D@std@@V?$allocator@D@2@@std@@@Z
; public: __cdecl pybind11::builtin_exception::builtin_exception(char const *__ptr64)__ptr64 
??0builtin_exception@pybind11@@QEAA@PEBD@Z
; public: __cdecl pybind11::cast_error::cast_error(,class pybind11::cast_error *__ptr64 const)__ptr64 
??0cast_error@pybind11@@QEAA@$$QEAV01@@Z
; public: __cdecl pybind11::cast_error::cast_error(class pybind11::cast_error const &__ptr64 )__ptr64 
??0cast_error@pybind11@@QEAA@AEBV01@@Z
; public: __cdecl pybind11::cast_error::cast_error(class std::<char,struct std::<char>,class std::<char>> const &__ptr64 )__ptr64 
??0cast_error@pybind11@@QEAA@AEBV?$basic_string@DU?$char_traits@D@std@@V?$allocator@D@2@@std@@@Z
; public: __cdecl pybind11::cast_error::cast_error(char const *__ptr64)__ptr64 
??0cast_error@pybind11@@QEAA@PEBD@Z
; public: __cdecl pybind11::cast_error::cast_error(void)__ptr64 
??0cast_error@pybind11@@QEAA@XZ
; public: __cdecl pybind11::error_already_set::error_already_set(,class pybind11::error_already_set *__ptr64 const)__ptr64 
??0error_already_set@pybind11@@QEAA@$$QEAV01@@Z
; public: __cdecl pybind11::error_already_set::error_already_set(class pybind11::error_already_set const &__ptr64 )__ptr64 
??0error_already_set@pybind11@@QEAA@AEBV01@@Z
; public: __cdecl pybind11::error_already_set::error_already_set(void)__ptr64 
??0error_already_set@pybind11@@QEAA@XZ
; public: __cdecl pybind11::import_error::import_error(,class pybind11::import_error *__ptr64 const)__ptr64 
??0import_error@pybind11@@QEAA@$$QEAV01@@Z
; public: __cdecl pybind11::import_error::import_error(class pybind11::import_error const &__ptr64 )__ptr64 
??0import_error@pybind11@@QEAA@AEBV01@@Z
; public: __cdecl pybind11::import_error::import_error(class std::<char,struct std::<char>,class std::<char>> const &__ptr64 )__ptr64 
??0import_error@pybind11@@QEAA@AEBV?$basic_string@DU?$char_traits@D@std@@V?$allocator@D@2@@std@@@Z
; public: __cdecl pybind11::import_error::import_error(char const *__ptr64)__ptr64 
??0import_error@pybind11@@QEAA@PEBD@Z
; public: __cdecl pybind11::import_error::import_error(void)__ptr64 
??0import_error@pybind11@@QEAA@XZ
; public: __cdecl pybind11::index_error::index_error(,class pybind11::index_error *__ptr64 const)__ptr64 
??0index_error@pybind11@@QEAA@$$QEAV01@@Z
; public: __cdecl pybind11::index_error::index_error(class pybind11::index_error const &__ptr64 )__ptr64 
??0index_error@pybind11@@QEAA@AEBV01@@Z
; public: __cdecl pybind11::index_error::index_error(class std::<char,struct std::<char>,class std::<char>> const &__ptr64 )__ptr64 
??0index_error@pybind11@@QEAA@AEBV?$basic_string@DU?$char_traits@D@std@@V?$allocator@D@2@@std@@@Z
; public: __cdecl pybind11::index_error::index_error(char const *__ptr64)__ptr64 
??0index_error@pybind11@@QEAA@PEBD@Z
; public: __cdecl pybind11::index_error::index_error(void)__ptr64 
??0index_error@pybind11@@QEAA@XZ
; public: __cdecl pybind11::key_error::key_error(,class pybind11::key_error *__ptr64 const)__ptr64 
??0key_error@pybind11@@QEAA@$$QEAV01@@Z
; public: __cdecl pybind11::key_error::key_error(class pybind11::key_error const &__ptr64 )__ptr64 
??0key_error@pybind11@@QEAA@AEBV01@@Z
; public: __cdecl pybind11::key_error::key_error(class std::<char,struct std::<char>,class std::<char>> const &__ptr64 )__ptr64 
??0key_error@pybind11@@QEAA@AEBV?$basic_string@DU?$char_traits@D@std@@V?$allocator@D@2@@std@@@Z
; public: __cdecl pybind11::key_error::key_error(char const *__ptr64)__ptr64 
??0key_error@pybind11@@QEAA@PEBD@Z
; public: __cdecl pybind11::key_error::key_error(void)__ptr64 
??0key_error@pybind11@@QEAA@XZ
; public: __cdecl pybind11::reference_cast_error::reference_cast_error(,class pybind11::reference_cast_error *__ptr64 const)__ptr64 
??0reference_cast_error@pybind11@@QEAA@$$QEAV01@@Z
; public: __cdecl pybind11::reference_cast_error::reference_cast_error(class pybind11::reference_cast_error const &__ptr64 )__ptr64 
??0reference_cast_error@pybind11@@QEAA@AEBV01@@Z
; public: __cdecl pybind11::reference_cast_error::reference_cast_error(class std::<char,struct std::<char>,class std::<char>> const &__ptr64 )__ptr64 
??0reference_cast_error@pybind11@@QEAA@AEBV?$basic_string@DU?$char_traits@D@std@@V?$allocator@D@2@@std@@@Z
; public: __cdecl pybind11::reference_cast_error::reference_cast_error(char const *__ptr64)__ptr64 
??0reference_cast_error@pybind11@@QEAA@PEBD@Z
; public: __cdecl pybind11::reference_cast_error::reference_cast_error(void)__ptr64 
??0reference_cast_error@pybind11@@QEAA@XZ
; public: __cdecl pybind11::stop_iteration::stop_iteration(,class pybind11::stop_iteration *__ptr64 const)__ptr64 
??0stop_iteration@pybind11@@QEAA@$$QEAV01@@Z
; public: __cdecl pybind11::stop_iteration::stop_iteration(class pybind11::stop_iteration const &__ptr64 )__ptr64 
??0stop_iteration@pybind11@@QEAA@AEBV01@@Z
; public: __cdecl pybind11::stop_iteration::stop_iteration(class std::<char,struct std::<char>,class std::<char>> const &__ptr64 )__ptr64 
??0stop_iteration@pybind11@@QEAA@AEBV?$basic_string@DU?$char_traits@D@std@@V?$allocator@D@2@@std@@@Z
; public: __cdecl pybind11::stop_iteration::stop_iteration(char const *__ptr64)__ptr64 
??0stop_iteration@pybind11@@QEAA@PEBD@Z
; public: __cdecl pybind11::stop_iteration::stop_iteration(void)__ptr64 
??0stop_iteration@pybind11@@QEAA@XZ
; public: __cdecl pybind11::type_error::type_error(,class pybind11::type_error *__ptr64 const)__ptr64 
??0type_error@pybind11@@QEAA@$$QEAV01@@Z
; public: __cdecl pybind11::type_error::type_error(class pybind11::type_error const &__ptr64 )__ptr64 
??0type_error@pybind11@@QEAA@AEBV01@@Z
; public: __cdecl pybind11::type_error::type_error(class std::<char,struct std::<char>,class std::<char>> const &__ptr64 )__ptr64 
??0type_error@pybind11@@QEAA@AEBV?$basic_string@DU?$char_traits@D@std@@V?$allocator@D@2@@std@@@Z
; public: __cdecl pybind11::type_error::type_error(char const *__ptr64)__ptr64 
??0type_error@pybind11@@QEAA@PEBD@Z
; public: __cdecl pybind11::type_error::type_error(void)__ptr64 
??0type_error@pybind11@@QEAA@XZ
; public: __cdecl pybind11::value_error::value_error(,class pybind11::value_error *__ptr64 const)__ptr64 
??0value_error@pybind11@@QEAA@$$QEAV01@@Z
; public: __cdecl pybind11::value_error::value_error(class pybind11::value_error const &__ptr64 )__ptr64 
??0value_error@pybind11@@QEAA@AEBV01@@Z
; public: __cdecl pybind11::value_error::value_error(class std::<char,struct std::<char>,class std::<char>> const &__ptr64 )__ptr64 
??0value_error@pybind11@@QEAA@AEBV?$basic_string@DU?$char_traits@D@std@@V?$allocator@D@2@@std@@@Z
; public: __cdecl pybind11::value_error::value_error(char const *__ptr64)__ptr64 
??0value_error@pybind11@@QEAA@PEBD@Z
; public: __cdecl pybind11::value_error::value_error(void)__ptr64 
??0value_error@pybind11@@QEAA@XZ
; public: virtual __cdecl FOOTPRINT_INFO::~FOOTPRINT_INFO(void)__ptr64 
??1FOOTPRINT_INFO@@UEAA@XZ
; public: virtual __cdecl FOOTPRINT_LIST::~FOOTPRINT_LIST(void)__ptr64 
??1FOOTPRINT_LIST@@UEAA@XZ
; public: virtual __cdecl FOOTPRINT_PREVIEW_PANEL_BASE::~FOOTPRINT_PREVIEW_PANEL_BASE(void)__ptr64 
??1FOOTPRINT_PREVIEW_PANEL_BASE@@UEAA@XZ
; public: virtual __cdecl LIB_TREE_ITEM::~LIB_TREE_ITEM(void)__ptr64 
??1LIB_TREE_ITEM@@UEAA@XZ
; public: virtual __cdecl pybind11::attribute_error::~attribute_error(void)__ptr64 
??1attribute_error@pybind11@@UEAA@XZ
; public: virtual __cdecl pybind11::buffer_error::~buffer_error(void)__ptr64 
??1buffer_error@pybind11@@UEAA@XZ
; public: virtual __cdecl pybind11::builtin_exception::~builtin_exception(void)__ptr64 
??1builtin_exception@pybind11@@UEAA@XZ
; public: virtual __cdecl pybind11::cast_error::~cast_error(void)__ptr64 
??1cast_error@pybind11@@UEAA@XZ
; public: virtual __cdecl pybind11::error_already_set::~error_already_set(void)__ptr64 
??1error_already_set@pybind11@@UEAA@XZ
; public: virtual __cdecl pybind11::import_error::~import_error(void)__ptr64 
??1import_error@pybind11@@UEAA@XZ
; public: virtual __cdecl pybind11::index_error::~index_error(void)__ptr64 
??1index_error@pybind11@@UEAA@XZ
; public: virtual __cdecl pybind11::key_error::~key_error(void)__ptr64 
??1key_error@pybind11@@UEAA@XZ
; public: virtual __cdecl pybind11::reference_cast_error::~reference_cast_error(void)__ptr64 
??1reference_cast_error@pybind11@@UEAA@XZ
; public: virtual __cdecl pybind11::stop_iteration::~stop_iteration(void)__ptr64 
??1stop_iteration@pybind11@@UEAA@XZ
; public: virtual __cdecl pybind11::type_error::~type_error(void)__ptr64 
??1type_error@pybind11@@UEAA@XZ
; public: virtual __cdecl pybind11::value_error::~value_error(void)__ptr64 
??1value_error@pybind11@@UEAA@XZ
; public: class FOOTPRINT_INFO &__ptr64 __cdecl FOOTPRINT_INFO::operator =(class FOOTPRINT_INFO const &__ptr64 )__ptr64 
??4FOOTPRINT_INFO@@QEAAAEAV0@AEBV0@@Z
; public: class FOOTPRINT_PREVIEW_PANEL_BASE &__ptr64 __cdecl FOOTPRINT_PREVIEW_PANEL_BASE::operator =(class FOOTPRINT_PREVIEW_PANEL_BASE const &__ptr64 )__ptr64 
??4FOOTPRINT_PREVIEW_PANEL_BASE@@QEAAAEAV0@AEBV0@@Z
; public: class LIB_TREE_ITEM &__ptr64 __cdecl LIB_TREE_ITEM::operator =(class LIB_TREE_ITEM const &__ptr64 )__ptr64 
??4LIB_TREE_ITEM@@QEAAAEAV0@AEBV0@@Z
; public: class pybind11::attribute_error &__ptr64 __cdecl pybind11::attribute_error::operator =(,class pybind11::attribute_error *__ptr64 const)__ptr64 
??4attribute_error@pybind11@@QEAAAEAV01@$$QEAV01@@Z
; public: class pybind11::attribute_error &__ptr64 __cdecl pybind11::attribute_error::operator =(class pybind11::attribute_error const &__ptr64 )__ptr64 
??4attribute_error@pybind11@@QEAAAEAV01@AEBV01@@Z
; public: class pybind11::buffer_error &__ptr64 __cdecl pybind11::buffer_error::operator =(,class pybind11::buffer_error *__ptr64 const)__ptr64 
??4buffer_error@pybind11@@QEAAAEAV01@$$QEAV01@@Z
; public: class pybind11::buffer_error &__ptr64 __cdecl pybind11::buffer_error::operator =(class pybind11::buffer_error const &__ptr64 )__ptr64 
??4buffer_error@pybind11@@QEAAAEAV01@AEBV01@@Z
; public: class pybind11::builtin_exception &__ptr64 __cdecl pybind11::builtin_exception::operator =(,class pybind11::builtin_exception *__ptr64 const)__ptr64 
??4builtin_exception@pybind11@@QEAAAEAV01@$$QEAV01@@Z
; public: class pybind11::builtin_exception &__ptr64 __cdecl pybind11::builtin_exception::operator =(class pybind11::builtin_exception const &__ptr64 )__ptr64 
??4builtin_exception@pybind11@@QEAAAEAV01@AEBV01@@Z
; public: class pybind11::cast_error &__ptr64 __cdecl pybind11::cast_error::operator =(,class pybind11::cast_error *__ptr64 const)__ptr64 
??4cast_error@pybind11@@QEAAAEAV01@$$QEAV01@@Z
; public: class pybind11::cast_error &__ptr64 __cdecl pybind11::cast_error::operator =(class pybind11::cast_error const &__ptr64 )__ptr64 
??4cast_error@pybind11@@QEAAAEAV01@AEBV01@@Z
; public: class pybind11::import_error &__ptr64 __cdecl pybind11::import_error::operator =(,class pybind11::import_error *__ptr64 const)__ptr64 
??4import_error@pybind11@@QEAAAEAV01@$$QEAV01@@Z
; public: class pybind11::import_error &__ptr64 __cdecl pybind11::import_error::operator =(class pybind11::import_error const &__ptr64 )__ptr64 
??4import_error@pybind11@@QEAAAEAV01@AEBV01@@Z
; public: class pybind11::index_error &__ptr64 __cdecl pybind11::index_error::operator =(,class pybind11::index_error *__ptr64 const)__ptr64 
??4index_error@pybind11@@QEAAAEAV01@$$QEAV01@@Z
; public: class pybind11::index_error &__ptr64 __cdecl pybind11::index_error::operator =(class pybind11::index_error const &__ptr64 )__ptr64 
??4index_error@pybind11@@QEAAAEAV01@AEBV01@@Z
; public: class pybind11::key_error &__ptr64 __cdecl pybind11::key_error::operator =(,class pybind11::key_error *__ptr64 const)__ptr64 
??4key_error@pybind11@@QEAAAEAV01@$$QEAV01@@Z
; public: class pybind11::key_error &__ptr64 __cdecl pybind11::key_error::operator =(class pybind11::key_error const &__ptr64 )__ptr64 
??4key_error@pybind11@@QEAAAEAV01@AEBV01@@Z
; public: class pybind11::reference_cast_error &__ptr64 __cdecl pybind11::reference_cast_error::operator =(,class pybind11::reference_cast_error *__ptr64 const)__ptr64 
??4reference_cast_error@pybind11@@QEAAAEAV01@$$QEAV01@@Z
; public: class pybind11::reference_cast_error &__ptr64 __cdecl pybind11::reference_cast_error::operator =(class pybind11::reference_cast_error const &__ptr64 )__ptr64 
??4reference_cast_error@pybind11@@QEAAAEAV01@AEBV01@@Z
; public: class pybind11::stop_iteration &__ptr64 __cdecl pybind11::stop_iteration::operator =(,class pybind11::stop_iteration *__ptr64 const)__ptr64 
??4stop_iteration@pybind11@@QEAAAEAV01@$$QEAV01@@Z
; public: class pybind11::stop_iteration &__ptr64 __cdecl pybind11::stop_iteration::operator =(class pybind11::stop_iteration const &__ptr64 )__ptr64 
??4stop_iteration@pybind11@@QEAAAEAV01@AEBV01@@Z
; public: class pybind11::type_error &__ptr64 __cdecl pybind11::type_error::operator =(,class pybind11::type_error *__ptr64 const)__ptr64 
??4type_error@pybind11@@QEAAAEAV01@$$QEAV01@@Z
; public: class pybind11::type_error &__ptr64 __cdecl pybind11::type_error::operator =(class pybind11::type_error const &__ptr64 )__ptr64 
??4type_error@pybind11@@QEAAAEAV01@AEBV01@@Z
; public: class pybind11::value_error &__ptr64 __cdecl pybind11::value_error::operator =(,class pybind11::value_error *__ptr64 const)__ptr64 
??4value_error@pybind11@@QEAAAEAV01@$$QEAV01@@Z
; public: class pybind11::value_error &__ptr64 __cdecl pybind11::value_error::operator =(class pybind11::value_error const &__ptr64 )__ptr64 
??4value_error@pybind11@@QEAAAEAV01@AEBV01@@Z
; const FOOTPRINT_INFO::$vftable
??_7FOOTPRINT_INFO@@6B@ DATA
; const FOOTPRINT_LIST::$vftable
??_7FOOTPRINT_LIST@@6B@ DATA
; const FOOTPRINT_PREVIEW_PANEL_BASE::$vftable
??_7FOOTPRINT_PREVIEW_PANEL_BASE@@6B@ DATA
; const LIB_TREE_ITEM::$vftable
??_7LIB_TREE_ITEM@@6B@ DATA
; const pybind11::attribute_error::$vftable
??_7attribute_error@pybind11@@6B@ DATA
; const pybind11::buffer_error::$vftable
??_7buffer_error@pybind11@@6B@ DATA
; const pybind11::builtin_exception::$vftable
??_7builtin_exception@pybind11@@6B@ DATA
; const pybind11::cast_error::$vftable
??_7cast_error@pybind11@@6B@ DATA
; const pybind11::error_already_set::$vftable
??_7error_already_set@pybind11@@6B@ DATA
; const pybind11::import_error::$vftable
??_7import_error@pybind11@@6B@ DATA
; const pybind11::index_error::$vftable
??_7index_error@pybind11@@6B@ DATA
; const pybind11::key_error::$vftable
??_7key_error@pybind11@@6B@ DATA
; const pybind11::reference_cast_error::$vftable
??_7reference_cast_error@pybind11@@6B@ DATA
; const pybind11::stop_iteration::$vftable
??_7stop_iteration@pybind11@@6B@ DATA
; const pybind11::type_error::$vftable
??_7type_error@pybind11@@6B@ DATA
; const pybind11::value_error::$vftable
??_7value_error@pybind11@@6B@ DATA
; public: static class FOOTPRINT_PREVIEW_PANEL_BASE *__ptr64 __cdecl FOOTPRINT_PREVIEW_PANEL_BASE::Create(class wxWindow *__ptr64,class KIWAY &__ptr64 )
?Create@FOOTPRINT_PREVIEW_PANEL_BASE@@SAPEAV1@PEAVwxWindow@@AEAVKIWAY@@@Z
; public: void __cdecl FOOTPRINT_LIST::DisplayErrors(class wxTopLevelWindow *__ptr64)__ptr64 
?DisplayErrors@FOOTPRINT_LIST@@QEAAXPEAVwxTopLevelWindow@@@Z
; public: static class SCH_IO *__ptr64 __cdecl SCH_IO_MGR::FindPlugin(enum SCH_IO_MGR::SCH_FILE_T)
?FindPlugin@SCH_IO_MGR@@SAPEAVSCH_IO@@W4SCH_FILE_T@1@@Z
; public: virtual void __cdecl LIB_TREE_ITEM::GetChooserFields(class std::<class wxString,class wxString,struct std::<class wxString>,class std::<struct std::<class wxString const,class wxString>>> &__ptr64 )__ptr64 
?GetChooserFields@LIB_TREE_ITEM@@UEAAXAEAV?$map@VwxString@@V1@U?$less@VwxString@@@std@@V?$allocator@U?$pair@$$CBVwxString@@V1@@std@@@3@@std@@@Z
; public: unsigned int __cdecl FOOTPRINT_LIST::GetCount(void)const __ptr64 
?GetCount@FOOTPRINT_LIST@@QEBAIXZ
; public: virtual class wxString __cdecl FOOTPRINT_INFO::GetDescription(void)__ptr64 
?GetDescription@FOOTPRINT_INFO@@UEAA?AVwxString@@XZ
; public: unsigned int __cdecl FOOTPRINT_LIST::GetErrorCount(void)const __ptr64 
?GetErrorCount@FOOTPRINT_LIST@@QEBAIXZ
; public: virtual class wxString __cdecl LIB_TREE_ITEM::GetFootprint(void)__ptr64 
?GetFootprint@LIB_TREE_ITEM@@UEAA?AVwxString@@XZ
; public: class FOOTPRINT_INFO *__ptr64 __cdecl FOOTPRINT_LIST::GetFootprintInfo(class wxString const &__ptr64 ,class wxString const &__ptr64 )__ptr64 
?GetFootprintInfo@FOOTPRINT_LIST@@QEAAPEAVFOOTPRINT_INFO@@AEBVwxString@@0@Z
; public: class FOOTPRINT_INFO *__ptr64 __cdecl FOOTPRINT_LIST::GetFootprintInfo(class wxString const &__ptr64 )__ptr64 
?GetFootprintInfo@FOOTPRINT_LIST@@QEAAPEAVFOOTPRINT_INFO@@AEBVwxString@@@Z
; public: class wxString const &__ptr64 __cdecl FOOTPRINT_INFO::GetFootprintName(void)const __ptr64 
?GetFootprintName@FOOTPRINT_INFO@@QEBAAEBVwxString@@XZ
; public: static class FOOTPRINT_LIST *__ptr64 __cdecl FOOTPRINT_LIST::GetInstance(class KIWAY &__ptr64 )
?GetInstance@FOOTPRINT_LIST@@SAPEAV1@AEAVKIWAY@@@Z
; public: class FOOTPRINT_INFO &__ptr64 __cdecl FOOTPRINT_LIST::GetItem(unsigned int)const __ptr64 
?GetItem@FOOTPRINT_LIST@@QEBAAEAVFOOTPRINT_INFO@@I@Z
; public: class wxString __cdecl FOOTPRINT_INFO::GetKeywords(void)__ptr64 
?GetKeywords@FOOTPRINT_INFO@@QEAA?AVwxString@@XZ
; public: virtual class LIB_ID __cdecl FOOTPRINT_INFO::GetLibId(void)const __ptr64 
?GetLibId@FOOTPRINT_INFO@@UEBA?AVLIB_ID@@XZ
; public: virtual class wxString __cdecl FOOTPRINT_INFO::GetLibNickname(void)const __ptr64 
?GetLibNickname@FOOTPRINT_INFO@@UEBA?AVwxString@@XZ
; public: class std::<class std::<class FOOTPRINT_INFO,struct std::<class FOOTPRINT_INFO>>,class std::<class std::<class FOOTPRINT_INFO,struct std::<class FOOTPRINT_INFO>>>> const &__ptr64 __cdecl FOOTPRINT_LIST::GetList(void)const __ptr64 
?GetList@FOOTPRINT_LIST@@QEBAAEBV?$vector@V?$unique_ptr@VFOOTPRINT_INFO@@U?$default_delete@VFOOTPRINT_INFO@@@std@@@std@@V?$allocator@V?$unique_ptr@VFOOTPRINT_INFO@@U?$default_delete@VFOOTPRINT_INFO@@@std@@@std@@@2@@std@@XZ
; public: virtual class wxString __cdecl FOOTPRINT_INFO::GetName(void)const __ptr64 
?GetName@FOOTPRINT_INFO@@UEBA?AVwxString@@XZ
; public: int __cdecl FOOTPRINT_INFO::GetOrderNum(void)__ptr64 
?GetOrderNum@FOOTPRINT_INFO@@QEAAHXZ
; public: unsigned int __cdecl FOOTPRINT_INFO::GetPadCount(void)__ptr64 
?GetPadCount@FOOTPRINT_INFO@@QEAAIXZ
; public: virtual int __cdecl FOOTPRINT_INFO::GetPinCount(void)__ptr64 
?GetPinCount@FOOTPRINT_INFO@@UEAAHXZ
; public: virtual int __cdecl LIB_TREE_ITEM::GetPinCount(void)__ptr64 
?GetPinCount@LIB_TREE_ITEM@@UEAAHXZ
; public: virtual class std::<struct SEARCH_TERM,class std::<struct SEARCH_TERM>> __cdecl FOOTPRINT_INFO::GetSearchTerms(void)__ptr64 
?GetSearchTerms@FOOTPRINT_INFO@@UEAA?AV?$vector@USEARCH_TERM@@V?$allocator@USEARCH_TERM@@@std@@@std@@XZ
; public: virtual class std::<struct SEARCH_TERM,class std::<struct SEARCH_TERM>> __cdecl LIB_TREE_ITEM::GetSearchTerms(void)__ptr64 
?GetSearchTerms@LIB_TREE_ITEM@@UEAA?AV?$vector@USEARCH_TERM@@V?$allocator@USEARCH_TERM@@@std@@@std@@XZ
; public: class FP_LIB_TABLE *__ptr64 __cdecl FOOTPRINT_LIST::GetTable(void)const __ptr64 
?GetTable@FOOTPRINT_LIST@@QEBAPEAVFP_LIB_TABLE@@XZ
; public: unsigned int __cdecl FOOTPRINT_INFO::GetUniquePadCount(void)__ptr64 
?GetUniquePadCount@FOOTPRINT_INFO@@QEAAIXZ
; public: virtual int __cdecl LIB_TREE_ITEM::GetUnitCount(void)const __ptr64 
?GetUnitCount@LIB_TREE_ITEM@@UEBAHXZ
; public: virtual class wxString __cdecl LIB_TREE_ITEM::GetUnitDisplayName(int)__ptr64 
?GetUnitDisplayName@LIB_TREE_ITEM@@UEAA?AVwxString@@H@Z
; public: virtual class wxString __cdecl LIB_TREE_ITEM::GetUnitReference(int)__ptr64 
?GetUnitReference@LIB_TREE_ITEM@@UEAA?AVwxString@@H@Z
; public: virtual bool __cdecl LIB_TREE_ITEM::HasUnitDisplayName(int)__ptr64 
?HasUnitDisplayName@LIB_TREE_ITEM@@UEAA_NH@Z
; public: bool __cdecl FOOTPRINT_INFO::InLibrary(class wxString const &__ptr64 )const __ptr64 
?InLibrary@FOOTPRINT_INFO@@QEBA_NAEBVwxString@@@Z
; public: virtual bool __cdecl LIB_TREE_ITEM::IsRoot(void)const __ptr64 
?IsRoot@LIB_TREE_ITEM@@UEBA_NXZ
; public: class std::<class IO_ERROR,struct std::<class IO_ERROR>> __cdecl FOOTPRINT_LIST::PopError(void)__ptr64 
?PopError@FOOTPRINT_LIST@@QEAA?AV?$unique_ptr@VIO_ERROR@@U?$default_delete@VIO_ERROR@@@std@@@std@@XZ
; public: virtual void __cdecl FOOTPRINT_LIST::ReadCacheFromFile(class wxString const &__ptr64 )__ptr64 
?ReadCacheFromFile@FOOTPRINT_LIST@@UEAAXAEBVwxString@@@Z
; public: virtual void __cdecl FOOTPRINT_LIST::WriteCacheToFile(class wxString const &__ptr64 )__ptr64 
?WriteCacheToFile@FOOTPRINT_LIST@@UEAAXAEBVwxString@@@Z
; public: void __cdecl pybind11::error_already_set::clear(void)__ptr64 
?clear@error_already_set@pybind11@@QEAAXXZ
; public: void __cdecl pybind11::error_already_set::discard_as_unraisable(char const *__ptr64)__ptr64 
?discard_as_unraisable@error_already_set@pybind11@@QEAAXPEBD@Z
; public: void __cdecl pybind11::error_already_set::discard_as_unraisable(class pybind11::object)__ptr64 
?discard_as_unraisable@error_already_set@pybind11@@QEAAXVobject@2@@Z
; protected: void __cdecl FOOTPRINT_INFO::ensure_loaded(void)__ptr64 
?ensure_loaded@FOOTPRINT_INFO@@IEAAXXZ
; protected: virtual void __cdecl FOOTPRINT_INFO::load(void)__ptr64 
?load@FOOTPRINT_INFO@@MEAAXXZ
; public: bool __cdecl pybind11::error_already_set::matches(class pybind11::handle)const __ptr64 
?matches@error_already_set@pybind11@@QEBA_NVhandle@2@@Z
; public: void __cdecl pybind11::error_already_set::restore(void)__ptr64 
?restore@error_already_set@pybind11@@QEAAXXZ
; public: virtual void __cdecl pybind11::attribute_error::set_error(void)const __ptr64 
?set_error@attribute_error@pybind11@@UEBAXXZ
; public: virtual void __cdecl pybind11::buffer_error::set_error(void)const __ptr64 
?set_error@buffer_error@pybind11@@UEBAXXZ
; public: virtual void __cdecl pybind11::cast_error::set_error(void)const __ptr64 
?set_error@cast_error@pybind11@@UEBAXXZ
; public: virtual void __cdecl pybind11::import_error::set_error(void)const __ptr64 
?set_error@import_error@pybind11@@UEBAXXZ
; public: virtual void __cdecl pybind11::index_error::set_error(void)const __ptr64 
?set_error@index_error@pybind11@@UEBAXXZ
; public: virtual void __cdecl pybind11::key_error::set_error(void)const __ptr64 
?set_error@key_error@pybind11@@UEBAXXZ
; public: virtual void __cdecl pybind11::reference_cast_error::set_error(void)const __ptr64 
?set_error@reference_cast_error@pybind11@@UEBAXXZ
; public: virtual void __cdecl pybind11::stop_iteration::set_error(void)const __ptr64 
?set_error@stop_iteration@pybind11@@UEBAXXZ
; public: virtual void __cdecl pybind11::type_error::set_error(void)const __ptr64 
?set_error@type_error@pybind11@@UEBAXXZ
; public: virtual void __cdecl pybind11::value_error::set_error(void)const __ptr64 
?set_error@value_error@pybind11@@UEBAXXZ
; public: class pybind11::object const &__ptr64 __cdecl pybind11::error_already_set::trace(void)const __ptr64 
?trace@error_already_set@pybind11@@QEBAAEBVobject@2@XZ
; public: class pybind11::object const &__ptr64 __cdecl pybind11::error_already_set::type(void)const __ptr64 
?type@error_already_set@pybind11@@QEBAAEBVobject@2@XZ
; public: class pybind11::object const &__ptr64 __cdecl pybind11::error_already_set::value(void)const __ptr64 
?value@error_already_set@pybind11@@QEBAAEBVobject@2@XZ
KIFACE_1
NoHotPatch
jump_fcontext
make_fcontext
